[0325/192534.579:ERROR:crash_report_database_win.cc(469)] failed to stat report
[0325/192534.605:ERROR:crash_report_database_win.cc(469)] failed to stat report
[0325/192534.605:ERROR:crash_report_database_win.cc(469)] failed to stat report
[0325/192534.606:ERROR:crash_report_database_win.cc(469)] failed to stat report
[0325/192534.606:ERROR:crash_report_database_win.cc(469)] failed to stat report
[0325/192534.606:ERROR:crash_report_database_win.cc(469)] failed to stat report
[0325/192534.606:ERROR:crash_report_database_win.cc(469)] failed to stat report
[0325/192534.606:ERROR:crash_report_database_win.cc(469)] failed to stat report
[0325/192534.606:ERROR:crash_report_database_win.cc(469)] failed to stat report
[0325/200700.657:ERROR:crash_report_database_win.cc(469)] failed to stat report
[0325/200700.731:ERROR:crash_report_database_win.cc(469)] failed to stat report
[0325/200700.731:ERROR:crash_report_database_win.cc(469)] failed to stat report
[0325/200700.731:ERROR:crash_report_database_win.cc(469)] failed to stat report
[0325/200700.731:ERROR:crash_report_database_win.cc(469)] failed to stat report
[0325/200700.731:ERROR:crash_report_database_win.cc(469)] failed to stat report
[0325/200700.731:ERROR:crash_report_database_win.cc(469)] failed to stat report
[0325/200700.731:ERROR:crash_report_database_win.cc(469)] failed to stat report
[0325/200700.732:ERROR:crash_report_database_win.cc(469)] failed to stat report
[0325/204053.188:ERROR:crash_report_database_win.cc(469)] failed to stat report
[0325/204053.188:ERROR:crash_report_database_win.cc(469)] failed to stat report
[0325/204053.189:ERROR:crash_report_database_win.cc(469)] failed to stat report
[0325/204053.189:ERROR:crash_report_database_win.cc(469)] failed to stat report
[0325/204053.189:ERROR:crash_report_database_win.cc(469)] failed to stat report
[0325/204053.189:ERROR:crash_report_database_win.cc(469)] failed to stat report
[0325/204053.189:ERROR:crash_report_database_win.cc(469)] failed to stat report
[0325/204053.189:ERROR:crash_report_database_win.cc(469)] failed to stat report
[0325/204053.189:ERROR:crash_report_database_win.cc(469)] failed to stat report
[0326/152605.145:ERROR:crash_report_database_win.cc(469)] failed to stat report
[0326/152605.190:ERROR:crash_report_database_win.cc(469)] failed to stat report
[0326/152605.190:ERROR:crash_report_database_win.cc(469)] failed to stat report
[0326/152605.190:ERROR:crash_report_database_win.cc(469)] failed to stat report
[0326/152605.190:ERROR:crash_report_database_win.cc(469)] failed to stat report
[0326/152605.190:ERROR:crash_report_database_win.cc(469)] failed to stat report
[0326/152605.191:ERROR:crash_report_database_win.cc(469)] failed to stat report
[0326/152605.191:ERROR:crash_report_database_win.cc(469)] failed to stat report
[0326/152605.191:ERROR:crash_report_database_win.cc(469)] failed to stat report
[0327/172202.147:ERROR:crash_report_database_win.cc(469)] failed to stat report
[0327/172202.171:ERROR:crash_report_database_win.cc(469)] failed to stat report
[0327/172202.171:ERROR:crash_report_database_win.cc(469)] failed to stat report
[0327/172202.171:ERROR:crash_report_database_win.cc(469)] failed to stat report
[0327/172202.171:ERROR:crash_report_database_win.cc(469)] failed to stat report
[0327/172202.171:ERROR:crash_report_database_win.cc(469)] failed to stat report
[0327/172202.171:ERROR:crash_report_database_win.cc(469)] failed to stat report
[0327/172202.171:ERROR:crash_report_database_win.cc(469)] failed to stat report
[0327/172202.171:ERROR:crash_report_database_win.cc(469)] failed to stat report
[0327/182205.781:ERROR:crash_report_database_win.cc(469)] failed to stat report
[0327/182205.782:ERROR:crash_report_database_win.cc(469)] failed to stat report
[0327/182205.782:ERROR:crash_report_database_win.cc(469)] failed to stat report
[0327/182205.782:ERROR:crash_report_database_win.cc(469)] failed to stat report
[0327/182205.782:ERROR:crash_report_database_win.cc(469)] failed to stat report
[0327/182205.782:ERROR:crash_report_database_win.cc(469)] failed to stat report
[0327/182205.782:ERROR:crash_report_database_win.cc(469)] failed to stat report
[0327/182205.782:ERROR:crash_report_database_win.cc(469)] failed to stat report
[0327/182205.782:ERROR:crash_report_database_win.cc(469)] failed to stat report
[0327/190335.817:ERROR:crash_report_database_win.cc(469)] failed to stat report
[0327/190335.973:ERROR:crash_report_database_win.cc(469)] failed to stat report
[0327/190335.973:ERROR:crash_report_database_win.cc(469)] failed to stat report
[0327/190335.973:ERROR:crash_report_database_win.cc(469)] failed to stat report
[0327/190335.973:ERROR:crash_report_database_win.cc(469)] failed to stat report
[0327/190335.973:ERROR:crash_report_database_win.cc(469)] failed to stat report
[0327/190335.973:ERROR:crash_report_database_win.cc(469)] failed to stat report
[0327/190335.973:ERROR:crash_report_database_win.cc(469)] failed to stat report
[0327/190335.973:ERROR:crash_report_database_win.cc(469)] failed to stat report
[0328/125128.963:ERROR:crash_report_database_win.cc(469)] failed to stat report
[0328/125129.455:ERROR:crash_report_database_win.cc(469)] failed to stat report
[0328/125129.455:ERROR:crash_report_database_win.cc(469)] failed to stat report
[0328/125129.455:ERROR:crash_report_database_win.cc(469)] failed to stat report
[0328/125129.455:ERROR:crash_report_database_win.cc(469)] failed to stat report
[0328/125129.455:ERROR:crash_report_database_win.cc(469)] failed to stat report
[0328/125129.455:ERROR:crash_report_database_win.cc(469)] failed to stat report
[0328/125129.455:ERROR:crash_report_database_win.cc(469)] failed to stat report
[0328/125129.456:ERROR:crash_report_database_win.cc(469)] failed to stat report
[0328/195222.627:ERROR:crash_report_database_win.cc(469)] failed to stat report
[0328/195222.628:ERROR:crash_report_database_win.cc(469)] failed to stat report
[0328/195222.628:ERROR:crash_report_database_win.cc(469)] failed to stat report
[0328/195222.628:ERROR:crash_report_database_win.cc(469)] failed to stat report
[0328/195222.628:ERROR:crash_report_database_win.cc(469)] failed to stat report
[0328/195222.628:ERROR:crash_report_database_win.cc(469)] failed to stat report
[0328/195222.628:ERROR:crash_report_database_win.cc(469)] failed to stat report
[0328/195222.628:ERROR:crash_report_database_win.cc(469)] failed to stat report
[0328/195222.628:ERROR:crash_report_database_win.cc(469)] failed to stat report
[0328/213352.503:ERROR:crash_report_database_win.cc(469)] failed to stat report
[0328/213352.504:ERROR:crash_report_database_win.cc(469)] failed to stat report
[0328/213352.504:ERROR:crash_report_database_win.cc(469)] failed to stat report
[0328/213352.504:ERROR:crash_report_database_win.cc(469)] failed to stat report
[0328/213352.504:ERROR:crash_report_database_win.cc(469)] failed to stat report
[0328/213352.504:ERROR:crash_report_database_win.cc(469)] failed to stat report
[0328/213352.504:ERROR:crash_report_database_win.cc(469)] failed to stat report
[0328/213352.504:ERROR:crash_report_database_win.cc(469)] failed to stat report
[0328/213352.504:ERROR:crash_report_database_win.cc(469)] failed to stat report
[0328/220006.853:ERROR:crash_report_database_win.cc(469)] failed to stat report
[0328/220006.854:ERROR:crash_report_database_win.cc(469)] failed to stat report
[0328/220006.854:ERROR:crash_report_database_win.cc(469)] failed to stat report
[0328/220006.855:ERROR:crash_report_database_win.cc(469)] failed to stat report
[0328/220006.855:ERROR:crash_report_database_win.cc(469)] failed to stat report
[0328/220006.855:ERROR:crash_report_database_win.cc(469)] failed to stat report
[0328/220006.855:ERROR:crash_report_database_win.cc(469)] failed to stat report
[0328/220006.855:ERROR:crash_report_database_win.cc(469)] failed to stat report
[0328/220006.855:ERROR:crash_report_database_win.cc(469)] failed to stat report
[0328/220033.097:ERROR:process_memory_win.cc(73)] ReadMemory at 0x7ff7d9720000 of 64 bytes failed: Only part of a ReadProcessMemory or WriteProcessMemory request was completed. (0x12B)
[0328/220033.098:WARNING:pe_image_reader.cc(340)] could not read dos header from C:\Program Files (x86)\Google\Chrome\Application\chrome.exe
[0328/220033.164:ERROR:process_memory_win.cc(73)] ReadMemory at 0x7ffe0e140000 of 64 bytes failed: Only part of a ReadProcessMemory or WriteProcessMemory request was completed. (0x12B)
[0328/220033.164:WARNING:pe_image_reader.cc(340)] could not read dos header from C:\WINDOWS\SYSTEM32\ntdll.dll
[0328/220033.164:ERROR:process_memory_win.cc(73)] ReadMemory at 0x7ffe0d1e0000 of 64 bytes failed: Only part of a ReadProcessMemory or WriteProcessMemory request was completed. (0x12B)
[0328/220033.164:WARNING:pe_image_reader.cc(340)] could not read dos header from C:\WINDOWS\System32\KERNEL32.DLL
[0328/220033.164:ERROR:process_memory_win.cc(73)] ReadMemory at 0x7ffe0b220000 of 64 bytes failed: Only part of a ReadProcessMemory or WriteProcessMemory request was completed. (0x12B)
[0328/220033.164:WARNING:pe_image_reader.cc(340)] could not read dos header from C:\WINDOWS\System32\KERNELBASE.dll
[0328/220033.164:ERROR:process_memory_win.cc(73)] ReadMemory at 0x7ffdd5360000 of 64 bytes failed: Only part of a ReadProcessMemory or WriteProcessMemory request was completed. (0x12B)
[0328/220033.164:WARNING:pe_image_reader.cc(340)] could not read dos header from C:\Program Files (x86)\Google\Chrome\Application\80.0.3987.149\chrome_elf.dll
[0328/220033.164:ERROR:process_memory_win.cc(73)] ReadMemory at 0x7ffe02010000 of 64 bytes failed: Only part of a ReadProcessMemory or WriteProcessMemory request was completed. (0x12B)
[0328/220033.164:WARNING:pe_image_reader.cc(340)] could not read dos header from C:\WINDOWS\SYSTEM32\VERSION.dll
[0328/220033.164:ERROR:process_memory_win.cc(73)] ReadMemory at 0x7ffe0cd20000 of 64 bytes failed: Only part of a ReadProcessMemory or WriteProcessMemory request was completed. (0x12B)
[0328/220033.164:WARNING:pe_image_reader.cc(340)] could not read dos header from C:\WINDOWS\System32\msvcrt.dll
[0328/220033.165:ERROR:process_memory_win.cc(73)] ReadMemory at 0x7ffe0be20000 of 64 bytes failed: Only part of a ReadProcessMemory or WriteProcessMemory request was completed. (0x12B)
[0328/220033.165:WARNING:pe_image_reader.cc(340)] could not read dos header from C:\WINDOWS\System32\bcryptPrimitives.dll
[0328/220033.165:ERROR:process_memory_win.cc(73)] ReadMemory at 0x7ffe0ca50000 of 64 bytes failed: Only part of a ReadProcessMemory or WriteProcessMemory request was completed. (0x12B)
[0328/220033.165:WARNING:pe_image_reader.cc(340)] could not read dos header from C:\WINDOWS\System32\ADVAPI32.dll
[0328/220033.165:ERROR:process_memory_win.cc(73)] ReadMemory at 0x7ffe0c6e0000 of 64 bytes failed: Only part of a ReadProcessMemory or WriteProcessMemory request was completed. (0x12B)
[0328/220033.165:WARNING:pe_image_reader.cc(340)] could not read dos header from C:\WINDOWS\System32\sechost.dll
[0328/220033.165:ERROR:process_memory_win.cc(73)] ReadMemory at 0x1f1a47c0000 of 64 bytes failed: Only part of a ReadProcessMemory or WriteProcessMemory request was completed. (0x12B)
[0328/220033.165:WARNING:pe_image_reader.cc(340)] could not read dos header from C:\WINDOWS\System32\RPCRT4.dll
[0328/220033.165:ERROR:process_memory_win.cc(73)] ReadMemory at 0x7ffdb4260000 of 64 bytes failed: Only part of a ReadProcessMemory or WriteProcessMemory request was completed. (0x12B)
[0328/220033.165:WARNING:pe_image_reader.cc(340)] could not read dos header from C:\Program Files (x86)\Google\Chrome\Application\80.0.3987.149\chrome.dll
[0328/220033.165:ERROR:process_memory_win.cc(73)] ReadMemory at 0x7ffe0c9e0000 of 64 bytes failed: Only part of a ReadProcessMemory or WriteProcessMemory request was completed. (0x12B)
[0328/220033.165:WARNING:pe_image_reader.cc(340)] could not read dos header from C:\WINDOWS\System32\WS2_32.dll
[0328/220033.165:ERROR:process_memory_win.cc(73)] ReadMemory at 0x7ffe0cf00000 of 64 bytes failed: Only part of a ReadProcessMemory or WriteProcessMemory request was completed. (0x12B)
[0328/220033.165:WARNING:pe_image_reader.cc(340)] could not read dos header from C:\WINDOWS\System32\OLEAUT32.dll
[0328/220033.165:ERROR:process_memory_win.cc(73)] ReadMemory at 0x7ffe0bd50000 of 64 bytes failed: Only part of a ReadProcessMemory or WriteProcessMemory request was completed. (0x12B)
[0328/220033.165:WARNING:pe_image_reader.cc(340)] could not read dos header from C:\WINDOWS\System32\msvcp_win.dll
[0328/220033.165:ERROR:process_memory_win.cc(73)] ReadMemory at 0x7ffe0b4d0000 of 64 bytes failed: Only part of a ReadProcessMemory or WriteProcessMemory request was completed. (0x12B)
[0328/220033.165:WARNING:pe_image_reader.cc(340)] could not read dos header from C:\WINDOWS\System32\ucrtbase.dll
[0328/220033.165:ERROR:process_memory_win.cc(73)] ReadMemory at 0x7ffe0ddc0000 of 64 bytes failed: Only part of a ReadProcessMemory or WriteProcessMemory request was completed. (0x12B)
[0328/220033.165:WARNING:pe_image_reader.cc(340)] could not read dos header from C:\WINDOWS\System32\combase.dll
[0328/220033.166:ERROR:process_memory_win.cc(73)] ReadMemory at 0x7ffe0c140000 of 64 bytes failed: Only part of a ReadProcessMemory or WriteProcessMemory request was completed. (0x12B)
[0328/220033.166:WARNING:pe_image_reader.cc(340)] could not read dos header from C:\WINDOWS\System32\WINTRUST.dll
[0328/220033.166:ERROR:process_memory_win.cc(73)] ReadMemory at 0x7ffe0b040000 of 64 bytes failed: Only part of a ReadProcessMemory or WriteProcessMemory request was completed. (0x12B)
[0328/220033.166:WARNING:pe_image_reader.cc(340)] could not read dos header from C:\WINDOWS\System32\MSASN1.dll
[0328/220033.166:ERROR:process_memory_win.cc(73)] ReadMemory at 0x7ffe0b0d0000 of 64 bytes failed: Only part of a ReadProcessMemory or WriteProcessMemory request was completed. (0x12B)
[0328/220033.166:WARNING:pe_image_reader.cc(340)] could not read dos header from C:\WINDOWS\System32\CRYPT32.dll
[0328/220033.166:ERROR:process_memory_win.cc(73)] ReadMemory at 0x7ffe0a520000 of 64 bytes failed: Only part of a ReadProcessMemory or WriteProcessMemory request was completed. (0x12B)
[0328/220033.166:WARNING:pe_image_reader.cc(340)] could not read dos header from C:\WINDOWS\SYSTEM32\IPHLPAPI.DLL
[0328/220033.166:ERROR:process_memory_win.cc(73)] ReadMemory at 0x7ffe08c30000 of 64 bytes failed: Only part of a ReadProcessMemory or WriteProcessMemory request was completed. (0x12B)
[0328/220033.166:WARNING:pe_image_reader.cc(340)] could not read dos header from C:\WINDOWS\SYSTEM32\WINMM.dll
[0328/220033.166:ERROR:process_memory_win.cc(73)] ReadMemory at 0x7ffdfed10000 of 64 bytes failed: Only part of a ReadProcessMemory or WriteProcessMemory request was completed. (0x12B)
[0328/220033.166:WARNING:pe_image_reader.cc(340)] could not read dos header from C:\WINDOWS\SYSTEM32\Secur32.dll
[0328/220033.166:ERROR:process_memory_win.cc(73)] ReadMemory at 0x7ffe0aef0000 of 64 bytes failed: Only part of a ReadProcessMemory or WriteProcessMemory request was completed. (0x12B)
[0328/220033.166:WARNING:pe_image_reader.cc(340)] could not read dos header from C:\WINDOWS\SYSTEM32\USERENV.dll
[0328/220033.166:ERROR:process_memory_win.cc(73)] ReadMemory at 0x7ffe0b010000 of 64 bytes failed: Only part of a ReadProcessMemory or WriteProcessMemory request was completed. (0x12B)
[0328/220033.166:WARNING:pe_image_reader.cc(340)] could not read dos header from C:\WINDOWS\System32\profapi.dll
[0328/220033.166:ERROR:process_memory_win.cc(73)] ReadMemory at 0x7ffdeadd0000 of 64 bytes failed: Only part of a ReadProcessMemory or WriteProcessMemory request was completed. (0x12B)
[0328/220033.166:WARNING:pe_image_reader.cc(340)] could not read dos header from C:\WINDOWS\SYSTEM32\UIAutomationCore.DLL
[0328/220033.166:ERROR:process_memory_win.cc(73)] ReadMemory at 0x7ffdf7d50000 of 64 bytes failed: Only part of a ReadProcessMemory or WriteProcessMemory request was completed. (0x12B)
[0328/220033.166:WARNING:pe_image_reader.cc(340)] could not read dos header from C:\WINDOWS\SYSTEM32\DWrite.dll
[0328/220033.167:ERROR:process_memory_win.cc(73)] ReadMemory at 0x7ffdf1250000 of 64 bytes failed: Only part of a ReadProcessMemory or WriteProcessMemory request was completed. (0x12B)
[0328/220033.167:WARNING:pe_image_reader.cc(340)] could not read dos header from C:\WINDOWS\SYSTEM32\WINSPOOL.DRV
[0328/220033.167:ERROR:process_memory_win.cc(73)] ReadMemory at 0x7ffe0b0b0000 of 64 bytes failed: Only part of a ReadProcessMemory or WriteProcessMemory request was completed. (0x12B)
[0328/220033.167:WARNING:pe_image_reader.cc(340)] could not read dos header from C:\WINDOWS\System32\kernel.appcore.dll
[0328/220033.167:ERROR:process_memory_win.cc(73)] ReadMemory at 0x7ffe0bdf0000 of 64 bytes failed: Only part of a ReadProcessMemory or WriteProcessMemory request was completed. (0x12B)
[0328/220033.167:WARNING:pe_image_reader.cc(340)] could not read dos header from C:\WINDOWS\System32\bcrypt.dll
[0328/220033.167:ERROR:process_memory_win.cc(73)] ReadMemory at 0x7ffe05720000 of 64 bytes failed: Only part of a ReadProcessMemory or WriteProcessMemory request was completed. (0x12B)
[0328/220033.167:WARNING:pe_image_reader.cc(340)] could not read dos header from C:\WINDOWS\SYSTEM32\dbghelp.dll
[0328/220033.167:ERROR:process_memory_win.cc(73)] ReadMemory at 0x7ffe041f0000 of 64 bytes failed: Only part of a ReadProcessMemory or WriteProcessMemory request was completed. (0x12B)
[0328/220033.167:WARNING:pe_image_reader.cc(340)] could not read dos header from C:\WINDOWS\SYSTEM32\WINHTTP.dll
[0328/220033.167:ERROR:process_memory_win.cc(73)] ReadMemory at 0x7ffe06de0000 of 64 bytes failed: Only part of a ReadProcessMemory or WriteProcessMemory request was completed. (0x12B)
[0328/220033.167:WARNING:pe_image_reader.cc(340)] could not read dos header from C:\WINDOWS\SYSTEM32\dhcpcsvc.DLL
[0328/220033.167:ERROR:process_memory_win.cc(73)] ReadMemory at 0x7ffe0dd80000 of 64 bytes failed: Only part of a ReadProcessMemory or WriteProcessMemory request was completed. (0x12B)
[0328/220033.167:WARNING:pe_image_reader.cc(340)] could not read dos header from C:\WINDOWS\System32\NSI.dll
[0328/220033.167:ERROR:process_memory_win.cc(73)] ReadMemory at 0x7ffe08c00000 of 64 bytes failed: Only part of a ReadProcessMemory or WriteProcessMemory request was completed. (0x12B)
[0328/220033.167:WARNING:pe_image_reader.cc(340)] could not read dos header from C:\WINDOWS\SYSTEM32\WINMMBASE.dll
[0328/220033.167:ERROR:process_memory_win.cc(73)] ReadMemory at 0x7ffe0c1a0000 of 64 bytes failed: Only part of a ReadProcessMemory or WriteProcessMemory request was completed. (0x12B)
[0328/220033.167:WARNING:pe_image_reader.cc(340)] could not read dos header from C:\WINDOWS\System32\cfgmgr32.dll
[0328/220033.167:ERROR:process_memory_win.cc(73)] ReadMemory at 0x7ffe079c0000 of 64 bytes failed: Only part of a ReadProcessMemory or WriteProcessMemory request was completed. (0x12B)
[0328/220033.167:WARNING:pe_image_reader.cc(340)] could not read dos header from C:\WINDOWS\SYSTEM32\PROPSYS.dll
[0328/220033.167:ERROR:process_memory_win.cc(73)] ReadMemory at 0x7ffe0cb00000 of 64 bytes failed: Only part of a ReadProcessMemory or WriteProcessMemory request was completed. (0x12B)
[0328/220033.168:WARNING:pe_image_reader.cc(340)] could not read dos header from C:\WINDOWS\System32\shcore.dll
[0328/220033.168:ERROR:process_memory_win.cc(73)] ReadMemory at 0x7ffe0af20000 of 64 bytes failed: Only part of a ReadProcessMemory or WriteProcessMemory request was completed. (0x12B)
[0328/220033.168:WARNING:pe_image_reader.cc(340)] could not read dos header from C:\WINDOWS\SYSTEM32\SSPICLI.DLL
[0328/220033.168:ERROR:process_memory_win.cc(73)] ReadMemory at 0x7ffe0a9e0000 of 64 bytes failed: Only part of a ReadProcessMemory or WriteProcessMemory request was completed. (0x12B)
[0328/220033.168:WARNING:pe_image_reader.cc(340)] could not read dos header from C:\WINDOWS\SYSTEM32\CRYPTBASE.DLL
[0328/220033.168:ERROR:process_memory_win.cc(73)] ReadMemory at 0x7ff7d9720000 of 64 bytes failed: Only part of a ReadProcessMemory or WriteProcessMemory request was completed. (0x12B)
[0328/220033.168:WARNING:pe_image_reader.cc(340)] could not read dos header from C:\Program Files (x86)\Google\Chrome\Application\chrome.exe
[0328/220033.168:ERROR:process_memory_win.cc(73)] ReadMemory at 0x7ffe0e140000 of 64 bytes failed: Only part of a ReadProcessMemory or WriteProcessMemory request was completed. (0x12B)
[0328/220033.168:WARNING:pe_image_reader.cc(340)] could not read dos header from C:\WINDOWS\SYSTEM32\ntdll.dll
[0328/220033.168:ERROR:process_memory_win.cc(73)] ReadMemory at 0x7ffe0d1e0000 of 64 bytes failed: Only part of a ReadProcessMemory or WriteProcessMemory request was completed. (0x12B)
[0328/220033.168:WARNING:pe_image_reader.cc(340)] could not read dos header from C:\WINDOWS\System32\KERNEL32.DLL
[0328/220033.168:ERROR:process_memory_win.cc(73)] ReadMemory at 0x7ffe0b220000 of 64 bytes failed: Only part of a ReadProcessMemory or WriteProcessMemory request was completed. (0x12B)
[0328/220033.168:WARNING:pe_image_reader.cc(340)] could not read dos header from C:\WINDOWS\System32\KERNELBASE.dll
[0328/220033.168:ERROR:process_memory_win.cc(73)] ReadMemory at 0x7ffdd5360000 of 64 bytes failed: Only part of a ReadProcessMemory or WriteProcessMemory request was completed. (0x12B)
[0328/220033.168:WARNING:pe_image_reader.cc(340)] could not read dos header from C:\Program Files (x86)\Google\Chrome\Application\80.0.3987.149\chrome_elf.dll
[0328/220033.168:ERROR:process_memory_win.cc(73)] ReadMemory at 0x7ffe02010000 of 64 bytes failed: Only part of a ReadProcessMemory or WriteProcessMemory request was completed. (0x12B)
[0328/220033.168:WARNING:pe_image_reader.cc(340)] could not read dos header from C:\WINDOWS\SYSTEM32\VERSION.dll
[0328/220033.168:ERROR:process_memory_win.cc(73)] ReadMemory at 0x7ffe0cd20000 of 64 bytes failed: Only part of a ReadProcessMemory or WriteProcessMemory request was completed. (0x12B)
[0328/220033.168:WARNING:pe_image_reader.cc(340)] could not read dos header from C:\WINDOWS\System32\msvcrt.dll
[0328/220033.168:ERROR:process_memory_win.cc(73)] ReadMemory at 0x7ffe0be20000 of 64 bytes failed: Only part of a ReadProcessMemory or WriteProcessMemory request was completed. (0x12B)
[0328/220033.168:WARNING:pe_image_reader.cc(340)] could not read dos header from C:\WINDOWS\System32\bcryptPrimitives.dll
[0328/220033.169:ERROR:process_memory_win.cc(73)] ReadMemory at 0x7ffe0ca50000 of 64 bytes failed: Only part of a ReadProcessMemory or WriteProcessMemory request was completed. (0x12B)
[0328/220033.169:WARNING:pe_image_reader.cc(340)] could not read dos header from C:\WINDOWS\System32\ADVAPI32.dll
[0328/220033.169:ERROR:process_memory_win.cc(73)] ReadMemory at 0x7ffe0c6e0000 of 64 bytes failed: Only part of a ReadProcessMemory or WriteProcessMemory request was completed. (0x12B)
[0328/220033.169:WARNING:pe_image_reader.cc(340)] could not read dos header from C:\WINDOWS\System32\sechost.dll
[0328/220033.169:ERROR:process_memory_win.cc(73)] ReadMemory at 0x1f1a47c0000 of 64 bytes failed: Only part of a ReadProcessMemory or WriteProcessMemory request was completed. (0x12B)
[0328/220033.169:WARNING:pe_image_reader.cc(340)] could not read dos header from C:\WINDOWS\System32\RPCRT4.dll
[0328/220033.169:ERROR:process_memory_win.cc(73)] ReadMemory at 0x7ffdb4260000 of 64 bytes failed: Only part of a ReadProcessMemory or WriteProcessMemory request was completed. (0x12B)
[0328/220033.169:WARNING:pe_image_reader.cc(340)] could not read dos header from C:\Program Files (x86)\Google\Chrome\Application\80.0.3987.149\chrome.dll
[0328/220033.169:ERROR:process_memory_win.cc(73)] ReadMemory at 0x7ffe0c9e0000 of 64 bytes failed: Only part of a ReadProcessMemory or WriteProcessMemory request was completed. (0x12B)
[0328/220033.169:WARNING:pe_image_reader.cc(340)] could not read dos header from C:\WINDOWS\System32\WS2_32.dll
[0328/220033.169:ERROR:process_memory_win.cc(73)] ReadMemory at 0x7ffe0cf00000 of 64 bytes failed: Only part of a ReadProcessMemory or WriteProcessMemory request was completed. (0x12B)
[0328/220033.169:WARNING:pe_image_reader.cc(340)] could not read dos header from C:\WINDOWS\System32\OLEAUT32.dll
[0328/220033.169:ERROR:process_memory_win.cc(73)] ReadMemory at 0x7ffe0bd50000 of 64 bytes failed: Only part of a ReadProcessMemory or WriteProcessMemory request was completed. (0x12B)
[0328/220033.169:WARNING:pe_image_reader.cc(340)] could not read dos header from C:\WINDOWS\System32\msvcp_win.dll
[0328/220033.169:ERROR:process_memory_win.cc(73)] ReadMemory at 0x7ffe0b4d0000 of 64 bytes failed: Only part of a ReadProcessMemory or WriteProcessMemory request was completed. (0x12B)
[0328/220033.169:WARNING:pe_image_reader.cc(340)] could not read dos header from C:\WINDOWS\System32\ucrtbase.dll
[0328/220033.169:ERROR:process_memory_win.cc(73)] ReadMemory at 0x7ffe0ddc0000 of 64 bytes failed: Only part of a ReadProcessMemory or WriteProcessMemory request was completed. (0x12B)
[0328/220033.169:WARNING:pe_image_reader.cc(340)] could not read dos header from C:\WINDOWS\System32\combase.dll
[0328/220033.169:ERROR:process_memory_win.cc(73)] ReadMemory at 0x7ffe0c140000 of 64 bytes failed: Only part of a ReadProcessMemory or WriteProcessMemory request was completed. (0x12B)
[0328/220033.170:WARNING:pe_image_reader.cc(340)] could not read dos header from C:\WINDOWS\System32\WINTRUST.dll
[0328/220033.170:ERROR:process_memory_win.cc(73)] ReadMemory at 0x7ffe0b040000 of 64 bytes failed: Only part of a ReadProcessMemory or WriteProcessMemory request was completed. (0x12B)
[0328/220033.170:WARNING:pe_image_reader.cc(340)] could not read dos header from C:\WINDOWS\System32\MSASN1.dll
[0328/220033.170:ERROR:process_memory_win.cc(73)] ReadMemory at 0x7ffe0b0d0000 of 64 bytes failed: Only part of a ReadProcessMemory or WriteProcessMemory request was completed. (0x12B)
[0328/220033.170:WARNING:pe_image_reader.cc(340)] could not read dos header from C:\WINDOWS\System32\CRYPT32.dll
[0328/220033.170:ERROR:process_memory_win.cc(73)] ReadMemory at 0x7ffe0a520000 of 64 bytes failed: Only part of a ReadProcessMemory or WriteProcessMemory request was completed. (0x12B)
[0328/220033.170:WARNING:pe_image_reader.cc(340)] could not read dos header from C:\WINDOWS\SYSTEM32\IPHLPAPI.DLL
[0328/220033.170:ERROR:process_memory_win.cc(73)] ReadMemory at 0x7ffe08c30000 of 64 bytes failed: Only part of a ReadProcessMemory or WriteProcessMemory request was completed. (0x12B)
[0328/220033.170:WARNING:pe_image_reader.cc(340)] could not read dos header from C:\WINDOWS\SYSTEM32\WINMM.dll
[0328/220033.170:ERROR:process_memory_win.cc(73)] ReadMemory at 0x7ffdfed10000 of 64 bytes failed: Only part of a ReadProcessMemory or WriteProcessMemory request was completed. (0x12B)
[0328/220033.170:WARNING:pe_image_reader.cc(340)] could not read dos header from C:\WINDOWS\SYSTEM32\Secur32.dll
[0328/220033.170:ERROR:process_memory_win.cc(73)] ReadMemory at 0x7ffe0aef0000 of 64 bytes failed: Only part of a ReadProcessMemory or WriteProcessMemory request was completed. (0x12B)
[0328/220033.170:WARNING:pe_image_reader.cc(340)] could not read dos header from C:\WINDOWS\SYSTEM32\USERENV.dll
[0328/220033.170:ERROR:process_memory_win.cc(73)] ReadMemory at 0x7ffe0b010000 of 64 bytes failed: Only part of a ReadProcessMemory or WriteProcessMemory request was completed. (0x12B)
[0328/220033.170:WARNING:pe_image_reader.cc(340)] could not read dos header from C:\WINDOWS\System32\profapi.dll
[0328/220033.170:ERROR:process_memory_win.cc(73)] ReadMemory at 0x7ffdeadd0000 of 64 bytes failed: Only part of a ReadProcessMemory or WriteProcessMemory request was completed. (0x12B)
[0328/220033.170:WARNING:pe_image_reader.cc(340)] could not read dos header from C:\WINDOWS\SYSTEM32\UIAutomationCore.DLL
[0328/220033.170:ERROR:process_memory_win.cc(73)] ReadMemory at 0x7ffdf7d50000 of 64 bytes failed: Only part of a ReadProcessMemory or WriteProcessMemory request was completed. (0x12B)
[0328/220033.170:WARNING:pe_image_reader.cc(340)] could not read dos header from C:\WINDOWS\SYSTEM32\DWrite.dll
[0328/220033.170:ERROR:process_memory_win.cc(73)] ReadMemory at 0x7ffdf1250000 of 64 bytes failed: Only part of a ReadProcessMemory or WriteProcessMemory request was completed. (0x12B)
[0328/220033.170:WARNING:pe_image_reader.cc(340)] could not read dos header from C:\WINDOWS\SYSTEM32\WINSPOOL.DRV
[0328/220033.171:ERROR:process_memory_win.cc(73)] ReadMemory at 0x7ffe0b0b0000 of 64 bytes failed: Only part of a ReadProcessMemory or WriteProcessMemory request was completed. (0x12B)
[0328/220033.171:WARNING:pe_image_reader.cc(340)] could not read dos header from C:\WINDOWS\System32\kernel.appcore.dll
[0328/220033.171:ERROR:process_memory_win.cc(73)] ReadMemory at 0x7ffe0bdf0000 of 64 bytes failed: Only part of a ReadProcessMemory or WriteProcessMemory request was completed. (0x12B)
[0328/220033.171:WARNING:pe_image_reader.cc(340)] could not read dos header from C:\WINDOWS\System32\bcrypt.dll
[0328/220033.171:ERROR:process_memory_win.cc(73)] ReadMemory at 0x7ffe05720000 of 64 bytes failed: Only part of a ReadProcessMemory or WriteProcessMemory request was completed. (0x12B)
[0328/220033.171:WARNING:pe_image_reader.cc(340)] could not read dos header from C:\WINDOWS\SYSTEM32\dbghelp.dll
[0328/220033.171:ERROR:process_memory_win.cc(73)] ReadMemory at 0x7ffe041f0000 of 64 bytes failed: Only part of a ReadProcessMemory or WriteProcessMemory request was completed. (0x12B)
[0328/220033.171:WARNING:pe_image_reader.cc(340)] could not read dos header from C:\WINDOWS\SYSTEM32\WINHTTP.dll
[0328/220033.171:ERROR:process_memory_win.cc(73)] ReadMemory at 0x7ffe06de0000 of 64 bytes failed: Only part of a ReadProcessMemory or WriteProcessMemory request was completed. (0x12B)
[0328/220033.171:WARNING:pe_image_reader.cc(340)] could not read dos header from C:\WINDOWS\SYSTEM32\dhcpcsvc.DLL
[0328/220033.171:ERROR:process_memory_win.cc(73)] ReadMemory at 0x7ffe0dd80000 of 64 bytes failed: Only part of a ReadProcessMemory or WriteProcessMemory request was completed. (0x12B)
[0328/220033.171:WARNING:pe_image_reader.cc(340)] could not read dos header from C:\WINDOWS\System32\NSI.dll
[0328/220033.171:ERROR:process_memory_win.cc(73)] ReadMemory at 0x7ffe08c00000 of 64 bytes failed: Only part of a ReadProcessMemory or WriteProcessMemory request was completed. (0x12B)
[0328/220033.171:WARNING:pe_image_reader.cc(340)] could not read dos header from C:\WINDOWS\SYSTEM32\WINMMBASE.dll
[0328/220033.171:ERROR:process_memory_win.cc(73)] ReadMemory at 0x7ffe0c1a0000 of 64 bytes failed: Only part of a ReadProcessMemory or WriteProcessMemory request was completed. (0x12B)
[0328/220033.171:WARNING:pe_image_reader.cc(340)] could not read dos header from C:\WINDOWS\System32\cfgmgr32.dll
[0328/220033.171:ERROR:process_memory_win.cc(73)] ReadMemory at 0x7ffe079c0000 of 64 bytes failed: Only part of a ReadProcessMemory or WriteProcessMemory request was completed. (0x12B)
[0328/220033.171:WARNING:pe_image_reader.cc(340)] could not read dos header from C:\WINDOWS\SYSTEM32\PROPSYS.dll
[0328/220033.171:ERROR:process_memory_win.cc(73)] ReadMemory at 0x7ffe0cb00000 of 64 bytes failed: Only part of a ReadProcessMemory or WriteProcessMemory request was completed. (0x12B)
[0328/220033.171:WARNING:pe_image_reader.cc(340)] could not read dos header from C:\WINDOWS\System32\shcore.dll
[0328/220033.172:ERROR:process_memory_win.cc(73)] ReadMemory at 0x7ffe0af20000 of 64 bytes failed: Only part of a ReadProcessMemory or WriteProcessMemory request was completed. (0x12B)
[0328/220033.172:WARNING:pe_image_reader.cc(340)] could not read dos header from C:\WINDOWS\SYSTEM32\SSPICLI.DLL
[0328/220033.172:ERROR:process_memory_win.cc(73)] ReadMemory at 0x7ffe0a9e0000 of 64 bytes failed: Only part of a ReadProcessMemory or WriteProcessMemory request was completed. (0x12B)
[0328/220033.172:WARNING:pe_image_reader.cc(340)] could not read dos header from C:\WINDOWS\SYSTEM32\CRYPTBASE.DLL
[0328/220033.288:ERROR:process_memory_win.cc(73)] ReadMemory at 0x4bfa1f9000 of 28672 bytes failed: Only part of a ReadProcessMemory or WriteProcessMemory request was completed. (0x12B)
[0328/220033.289:ERROR:process_memory_win.cc(73)] ReadMemory at 0x4bfa9fd000 of 12288 bytes failed: Only part of a ReadProcessMemory or WriteProcessMemory request was completed. (0x12B)
[0328/220033.289:ERROR:process_memory_win.cc(73)] ReadMemory at 0x4bfb1fc000 of 16384 bytes failed: Only part of a ReadProcessMemory or WriteProcessMemory request was completed. (0x12B)
[0328/220033.289:ERROR:process_memory_win.cc(73)] ReadMemory at 0x4bfb9fc000 of 16384 bytes failed: Only part of a ReadProcessMemory or WriteProcessMemory request was completed. (0x12B)
[0328/220033.338:ERROR:process_memory_win.cc(73)] ReadMemory at 0x4bfc1fb000 of 20480 bytes failed: Only part of a ReadProcessMemory or WriteProcessMemory request was completed. (0x12B)
[0328/220033.338:ERROR:process_memory_win.cc(73)] ReadMemory at 0x4bfc9fe000 of 8192 bytes failed: Only part of a ReadProcessMemory or WriteProcessMemory request was completed. (0x12B)
[0328/220033.338:ERROR:process_memory_win.cc(73)] ReadMemory at 0x4bfd1fd000 of 12288 bytes failed: Only part of a ReadProcessMemory or WriteProcessMemory request was completed. (0x12B)
[0328/220033.338:ERROR:process_memory_win.cc(73)] ReadMemory at 0x4bfd9fd000 of 12288 bytes failed: Only part of a ReadProcessMemory or WriteProcessMemory request was completed. (0x12B)
[0328/220033.339:ERROR:process_memory_win.cc(73)] ReadMemory at 0x4bfe1fd000 of 12288 bytes failed: Only part of a ReadProcessMemory or WriteProcessMemory request was completed. (0x12B)
[0328/220033.339:ERROR:process_memory_win.cc(73)] ReadMemory at 0x4bfe9fd000 of 12288 bytes failed: Only part of a ReadProcessMemory or WriteProcessMemory request was completed. (0x12B)
[0328/220033.339:ERROR:process_memory_win.cc(73)] ReadMemory at 0x4bff1fd000 of 12288 bytes failed: Only part of a ReadProcessMemory or WriteProcessMemory request was completed. (0x12B)
[0328/220033.339:ERROR:process_memory_win.cc(73)] ReadMemory at 0x4bff9fd000 of 12288 bytes failed: Only part of a ReadProcessMemory or WriteProcessMemory request was completed. (0x12B)
[0328/220033.339:ERROR:process_memory_win.cc(73)] ReadMemory at 0x4b807fd000 of 12288 bytes failed: Only part of a ReadProcessMemory or WriteProcessMemory request was completed. (0x12B)
[0328/220033.339:ERROR:process_memory_win.cc(73)] ReadMemory at 0x4b80ffd000 of 12288 bytes failed: Only part of a ReadProcessMemory or WriteProcessMemory request was completed. (0x12B)
[0328/220033.339:ERROR:process_memory_win.cc(73)] ReadMemory at 0x4bf9850000 of 852 bytes failed: Only part of a ReadProcessMemory or WriteProcessMemory request was completed. (0x12B)
[0328/220033.339:ERROR:process_memory_win.cc(73)] ReadMemory at 0x4bf9851000 of 6024 bytes failed: Only part of a ReadProcessMemory or WriteProcessMemory request was completed. (0x12B)
[0328/220033.340:ERROR:process_memory_win.cc(73)] ReadMemory at 0x4bf9853000 of 6024 bytes failed: Only part of a ReadProcessMemory or WriteProcessMemory request was completed. (0x12B)
[0328/220033.340:ERROR:process_memory_win.cc(73)] ReadMemory at 0x4bf9855000 of 6024 bytes failed: Only part of a ReadProcessMemory or WriteProcessMemory request was completed. (0x12B)
[0328/220033.340:ERROR:process_memory_win.cc(73)] ReadMemory at 0x4bf9857000 of 6024 bytes failed: Only part of a ReadProcessMemory or WriteProcessMemory request was completed. (0x12B)
[0328/220033.340:ERROR:process_memory_win.cc(73)] ReadMemory at 0x4bf9859000 of 6024 bytes failed: Only part of a ReadProcessMemory or WriteProcessMemory request was completed. (0x12B)
[0328/220033.340:ERROR:process_memory_win.cc(73)] ReadMemory at 0x4bf985b000 of 6024 bytes failed: Only part of a ReadProcessMemory or WriteProcessMemory request was completed. (0x12B)
[0328/220033.340:ERROR:process_memory_win.cc(73)] ReadMemory at 0x4bf985d000 of 6024 bytes failed: Only part of a ReadProcessMemory or WriteProcessMemory request was completed. (0x12B)
[0328/220033.340:ERROR:process_memory_win.cc(73)] ReadMemory at 0x4bf985f000 of 6024 bytes failed: Only part of a ReadProcessMemory or WriteProcessMemory request was completed. (0x12B)
[0328/220033.340:ERROR:process_memory_win.cc(73)] ReadMemory at 0x4bf9861000 of 6024 bytes failed: Only part of a ReadProcessMemory or WriteProcessMemory request was completed. (0x12B)
[0328/220033.340:ERROR:process_memory_win.cc(73)] ReadMemory at 0x4bf9863000 of 6024 bytes failed: Only part of a ReadProcessMemory or WriteProcessMemory request was completed. (0x12B)
[0328/220033.341:ERROR:process_memory_win.cc(73)] ReadMemory at 0x4bf9865000 of 6024 bytes failed: Only part of a ReadProcessMemory or WriteProcessMemory request was completed. (0x12B)
[0328/220033.341:ERROR:process_memory_win.cc(73)] ReadMemory at 0x4bf9867000 of 6024 bytes failed: Only part of a ReadProcessMemory or WriteProcessMemory request was completed. (0x12B)
[0328/220033.341:ERROR:process_memory_win.cc(73)] ReadMemory at 0x4bf9869000 of 6024 bytes failed: Only part of a ReadProcessMemory or WriteProcessMemory request was completed. (0x12B)
[0328/220033.341:ERROR:process_memory_win.cc(73)] ReadMemory at 0x4bf986b000 of 6024 bytes failed: Only part of a ReadProcessMemory or WriteProcessMemory request was completed. (0x12B)
[0328/220033.341:ERROR:process_memory_win.cc(73)] ReadMemory at 0x1f1a44a0fe0 of 17198 bytes failed: Only part of a ReadProcessMemory or WriteProcessMemory request was completed. (0x12B)
[0328/220033.341:ERROR:process_memory_win.cc(73)] ReadMemory at 0x1f1a44a5320 of 1012 bytes failed: Only part of a ReadProcessMemory or WriteProcessMemory request was completed. (0x12B)
[0328/220033.341:ERROR:process_memory_win.cc(73)] ReadMemory at 0x1f1a44a5968 of 118 bytes failed: Only part of a ReadProcessMemory or WriteProcessMemory request was completed. (0x12B)
[0328/220033.341:ERROR:process_memory_win.cc(73)] ReadMemory at 0x1f1a44a59e0 of 844 bytes failed: Only part of a ReadProcessMemory or WriteProcessMemory request was completed. (0x12B)
[0328/220033.341:ERROR:process_memory_win.cc(73)] ReadMemory at 0x1f1a44a5d2e of 118 bytes failed: Only part of a ReadProcessMemory or WriteProcessMemory request was completed. (0x12B)
[0328/220033.342:ERROR:process_memory_win.cc(73)] ReadMemory at 0x1f1a44a5da6 of 100 bytes failed: Only part of a ReadProcessMemory or WriteProcessMemory request was completed. (0x12B)
[0328/220033.342:ERROR:process_memory_win.cc(73)] ReadMemory at 0x1f1a44a5e20 of 58 bytes failed: Only part of a ReadProcessMemory or WriteProcessMemory request was completed. (0x12B)
[0328/220033.342:ERROR:process_memory_win.cc(73)] ReadMemory at 0x1f1a44a5f20 of 132 bytes failed: Only part of a ReadProcessMemory or WriteProcessMemory request was completed. (0x12B)
[0328/220033.342:ERROR:process_memory_win.cc(73)] ReadMemory at 0x1f1a44a60b0 of 132 bytes failed: Only part of a ReadProcessMemory or WriteProcessMemory request was completed. (0x12B)
[0328/220033.342:ERROR:process_memory_win.cc(73)] ReadMemory at 0x1f1a44a6270 of 126 bytes failed: Only part of a ReadProcessMemory or WriteProcessMemory request was completed. (0x12B)
[0328/220033.342:ERROR:process_memory_win.cc(73)] ReadMemory at 0x1f1a44a6650 of 132 bytes failed: Only part of a ReadProcessMemory or WriteProcessMemory request was completed. (0x12B)
[0328/220033.342:ERROR:process_memory_win.cc(73)] ReadMemory at 0x1f1a44a67e0 of 64 bytes failed: Only part of a ReadProcessMemory or WriteProcessMemory request was completed. (0x12B)
[0328/220033.342:ERROR:process_memory_win.cc(73)] ReadMemory at 0x1f1a44a6830 of 132 bytes failed: Only part of a ReadProcessMemory or WriteProcessMemory request was completed. (0x12B)
[0328/220033.342:ERROR:process_memory_win.cc(73)] ReadMemory at 0x1f1a44a6a40 of 154 bytes failed: Only part of a ReadProcessMemory or WriteProcessMemory request was completed. (0x12B)
[0328/220033.342:ERROR:process_memory_win.cc(73)] ReadMemory at 0x1f1a44a6c40 of 132 bytes failed: Only part of a ReadProcessMemory or WriteProcessMemory request was completed. (0x12B)
[0328/220033.343:ERROR:process_memory_win.cc(73)] ReadMemory at 0x1f1a44a6dd0 of 68 bytes failed: Only part of a ReadProcessMemory or WriteProcessMemory request was completed. (0x12B)
[0328/220033.343:ERROR:process_memory_win.cc(73)] ReadMemory at 0x1f1a44a7de0 of 132 bytes failed: Only part of a ReadProcessMemory or WriteProcessMemory request was completed. (0x12B)
[0328/220033.343:ERROR:process_memory_win.cc(73)] ReadMemory at 0x1f1a44a7fb0 of 132 bytes failed: Only part of a ReadProcessMemory or WriteProcessMemory request was completed. (0x12B)
[0328/220033.343:ERROR:process_memory_win.cc(73)] ReadMemory at 0x1f1a44a8e30 of 132 bytes failed: Only part of a ReadProcessMemory or WriteProcessMemory request was completed. (0x12B)
[0328/220033.343:ERROR:process_memory_win.cc(73)] ReadMemory at 0x1f1a44a9dc0 of 62 bytes failed: Only part of a ReadProcessMemory or WriteProcessMemory request was completed. (0x12B)
[0328/220033.343:ERROR:process_memory_win.cc(73)] ReadMemory at 0x1f1a44a9e10 of 146 bytes failed: Only part of a ReadProcessMemory or WriteProcessMemory request was completed. (0x12B)
[0328/220033.343:ERROR:process_memory_win.cc(73)] ReadMemory at 0x1f1a44a9f50 of 60 bytes failed: Only part of a ReadProcessMemory or WriteProcessMemory request was completed. (0x12B)
[0328/220033.343:ERROR:process_memory_win.cc(73)] ReadMemory at 0x1f1a44acff0 of 132 bytes failed: Only part of a ReadProcessMemory or WriteProcessMemory request was completed. (0x12B)
[0328/220033.343:ERROR:process_memory_win.cc(73)] ReadMemory at 0x1f1a44ad120 of 132 bytes failed: Only part of a ReadProcessMemory or WriteProcessMemory request was completed. (0x12B)
[0328/220033.344:ERROR:process_memory_win.cc(73)] ReadMemory at 0x1f1a44ad2b0 of 80 bytes failed: Only part of a ReadProcessMemory or WriteProcessMemory request was completed. (0x12B)
[0328/220033.344:ERROR:process_memory_win.cc(73)] ReadMemory at 0x1f1a44ad450 of 64 bytes failed: Only part of a ReadProcessMemory or WriteProcessMemory request was completed. (0x12B)
[0328/220033.344:ERROR:process_memory_win.cc(73)] ReadMemory at 0x1f1a44ad4a0 of 62 bytes failed: Only part of a ReadProcessMemory or WriteProcessMemory request was completed. (0x12B)
[0328/220033.344:ERROR:process_memory_win.cc(73)] ReadMemory at 0x1f1a44ad4f0 of 64 bytes failed: Only part of a ReadProcessMemory or WriteProcessMemory request was completed. (0x12B)
[0328/220033.344:ERROR:process_memory_win.cc(73)] ReadMemory at 0x1f1a44ad7c0 of 66 bytes failed: Only part of a ReadProcessMemory or WriteProcessMemory request was completed. (0x12B)
[0328/220033.344:ERROR:process_memory_win.cc(73)] ReadMemory at 0x1f1a44ad900 of 64 bytes failed: Only part of a ReadProcessMemory or WriteProcessMemory request was completed. (0x12B)
[0328/220033.344:ERROR:process_memory_win.cc(73)] ReadMemory at 0x1f1a44ad9a0 of 64 bytes failed: Only part of a ReadProcessMemory or WriteProcessMemory request was completed. (0x12B)
[0328/220033.344:ERROR:process_memory_win.cc(73)] ReadMemory at 0x1f1a44ada90 of 60 bytes failed: Only part of a ReadProcessMemory or WriteProcessMemory request was completed. (0x12B)
[0328/220033.344:ERROR:process_memory_win.cc(73)] ReadMemory at 0x1f1a44adb30 of 60 bytes failed: Only part of a ReadProcessMemory or WriteProcessMemory request was completed. (0x12B)
[0328/220033.344:ERROR:process_memory_win.cc(73)] ReadMemory at 0x1f1a44adb80 of 62 bytes failed: Only part of a ReadProcessMemory or WriteProcessMemory request was completed. (0x12B)
[0328/220033.345:ERROR:process_memory_win.cc(73)] ReadMemory at 0x1f1a44ae060 of 132 bytes failed: Only part of a ReadProcessMemory or WriteProcessMemory request was completed. (0x12B)
[0328/220033.345:ERROR:process_memory_win.cc(73)] ReadMemory at 0x1f1a44ae190 of 132 bytes failed: Only part of a ReadProcessMemory or WriteProcessMemory request was completed. (0x12B)
[0328/220033.345:ERROR:process_memory_win.cc(73)] ReadMemory at 0x1f1a44ae2c0 of 132 bytes failed: Only part of a ReadProcessMemory or WriteProcessMemory request was completed. (0x12B)
[0328/220033.345:ERROR:process_memory_win.cc(73)] ReadMemory at 0x1f1a44ae3f0 of 132 bytes failed: Only part of a ReadProcessMemory or WriteProcessMemory request was completed. (0x12B)
[0328/220033.345:ERROR:process_memory_win.cc(73)] ReadMemory at 0x1f1a44ae650 of 132 bytes failed: Only part of a ReadProcessMemory or WriteProcessMemory request was completed. (0x12B)
[0328/220033.345:ERROR:process_memory_win.cc(73)] ReadMemory at 0x1f1a44ae780 of 132 bytes failed: Only part of a ReadProcessMemory or WriteProcessMemory request was completed. (0x12B)
[0328/220033.345:ERROR:process_memory_win.cc(73)] ReadMemory at 0x1f1a44ae8b0 of 132 bytes failed: Only part of a ReadProcessMemory or WriteProcessMemory request was completed. (0x12B)
[0328/220033.345:ERROR:process_memory_win.cc(73)] ReadMemory at 0x1f1a44ae9e0 of 132 bytes failed: Only part of a ReadProcessMemory or WriteProcessMemory request was completed. (0x12B)
[0328/220033.345:ERROR:process_memory_win.cc(73)] ReadMemory at 0x1f1a44aeb10 of 132 bytes failed: Only part of a ReadProcessMemory or WriteProcessMemory request was completed. (0x12B)
[0328/220033.346:ERROR:process_memory_win.cc(73)] ReadMemory at 0x1f1a44aec40 of 132 bytes failed: Only part of a ReadProcessMemory or WriteProcessMemory request was completed. (0x12B)
[0328/220033.346:ERROR:process_memory_win.cc(73)] ReadMemory at 0x1f1a44aed70 of 132 bytes failed: Only part of a ReadProcessMemory or WriteProcessMemory request was completed. (0x12B)
[0328/220033.346:ERROR:process_memory_win.cc(73)] ReadMemory at 0x1f1a44aeea0 of 132 bytes failed: Only part of a ReadProcessMemory or WriteProcessMemory request was completed. (0x12B)
[0328/220033.346:ERROR:process_memory_win.cc(73)] ReadMemory at 0x1f1a44b1850 of 54 bytes failed: Only part of a ReadProcessMemory or WriteProcessMemory request was completed. (0x12B)
[0328/220033.346:ERROR:process_memory_win.cc(73)] ReadMemory at 0x1f1a44b2170 of 132 bytes failed: Only part of a ReadProcessMemory or WriteProcessMemory request was completed. (0x12B)
[0328/220033.346:ERROR:process_memory_win.cc(73)] ReadMemory at 0x1f1a44b22a0 of 132 bytes failed: Only part of a ReadProcessMemory or WriteProcessMemory request was completed. (0x12B)
[0328/220033.346:ERROR:process_memory_win.cc(73)] ReadMemory at 0x1f1a44b2e10 of 132 bytes failed: Only part of a ReadProcessMemory or WriteProcessMemory request was completed. (0x12B)
[0328/220033.346:ERROR:process_memory_win.cc(73)] ReadMemory at 0x1f1a44b4a40 of 76 bytes failed: Only part of a ReadProcessMemory or WriteProcessMemory request was completed. (0x12B)
[0328/220033.346:ERROR:process_memory_win.cc(73)] ReadMemory at 0x1f1a44b4d40 of 80 bytes failed: Only part of a ReadProcessMemory or WriteProcessMemory request was completed. (0x12B)
[0328/220033.346:ERROR:process_memory_win.cc(73)] ReadMemory at 0x1f1a44b56b0 of 62 bytes failed: Only part of a ReadProcessMemory or WriteProcessMemory request was completed. (0x12B)
[0328/220033.347:ERROR:process_memory_win.cc(73)] ReadMemory at 0x1f1a44b5700 of 64 bytes failed: Only part of a ReadProcessMemory or WriteProcessMemory request was completed. (0x12B)
[0328/220033.347:ERROR:process_memory_win.cc(73)] ReadMemory at 0x1f1a44b57a0 of 60 bytes failed: Only part of a ReadProcessMemory or WriteProcessMemory request was completed. (0x12B)
[0328/220033.347:ERROR:process_memory_win.cc(73)] ReadMemory at 0x1f1a44b5890 of 60 bytes failed: Only part of a ReadProcessMemory or WriteProcessMemory request was completed. (0x12B)
[0328/220033.347:ERROR:process_memory_win.cc(73)] ReadMemory at 0x1f1a44b5930 of 64 bytes failed: Only part of a ReadProcessMemory or WriteProcessMemory request was completed. (0x12B)
[0328/220033.347:ERROR:process_memory_win.cc(73)] ReadMemory at 0x1f1a44b59d0 of 64 bytes failed: Only part of a ReadProcessMemory or WriteProcessMemory request was completed. (0x12B)
[0328/220033.347:ERROR:process_memory_win.cc(73)] ReadMemory at 0x1f1a44b5a70 of 62 bytes failed: Only part of a ReadProcessMemory or WriteProcessMemory request was completed. (0x12B)
[0328/220033.347:ERROR:process_memory_win.cc(73)] ReadMemory at 0x1f1a44b5b60 of 62 bytes failed: Only part of a ReadProcessMemory or WriteProcessMemory request was completed. (0x12B)
[0328/220033.347:ERROR:process_memory_win.cc(73)] ReadMemory at 0x1f1a44b5c00 of 66 bytes failed: Only part of a ReadProcessMemory or WriteProcessMemory request was completed. (0x12B)
[0328/220033.347:ERROR:process_memory_win.cc(73)] ReadMemory at 0x1f1a44b5ca0 of 62 bytes failed: Only part of a ReadProcessMemory or WriteProcessMemory request was completed. (0x12B)
[0328/220033.347:ERROR:process_memory_win.cc(73)] ReadMemory at 0x1f1a44b5cf0 of 62 bytes failed: Only part of a ReadProcessMemory or WriteProcessMemory request was completed. (0x12B)
[0328/220033.348:ERROR:process_memory_win.cc(73)] ReadMemory at 0x1f1a44b5d40 of 60 bytes failed: Only part of a ReadProcessMemory or WriteProcessMemory request was completed. (0x12B)
[0328/220033.348:ERROR:process_memory_win.cc(73)] ReadMemory at 0x1f1a44b5ed0 of 62 bytes failed: Only part of a ReadProcessMemory or WriteProcessMemory request was completed. (0x12B)
[0328/220033.348:ERROR:process_memory_win.cc(73)] ReadMemory at 0x1f1a44b6060 of 60 bytes failed: Only part of a ReadProcessMemory or WriteProcessMemory request was completed. (0x12B)
[0328/220033.348:ERROR:process_memory_win.cc(73)] ReadMemory at 0x1f1a44b60b0 of 58 bytes failed: Only part of a ReadProcessMemory or WriteProcessMemory request was completed. (0x12B)
[0328/220033.348:ERROR:process_memory_win.cc(73)] ReadMemory at 0x1f1a44b61f0 of 64 bytes failed: Only part of a ReadProcessMemory or WriteProcessMemory request was completed. (0x12B)
[0328/220033.348:ERROR:process_memory_win.cc(73)] ReadMemory at 0x1f1a44b6420 of 62 bytes failed: Only part of a ReadProcessMemory or WriteProcessMemory request was completed. (0x12B)
[0328/220033.348:ERROR:process_memory_win.cc(73)] ReadMemory at 0x1f1a44b64c0 of 62 bytes failed: Only part of a ReadProcessMemory or WriteProcessMemory request was completed. (0x12B)
[0328/220033.348:ERROR:process_memory_win.cc(73)] ReadMemory at 0x1f1a44b7480 of 132 bytes failed: Only part of a ReadProcessMemory or WriteProcessMemory request was completed. (0x12B)
[0328/220033.348:ERROR:process_memory_win.cc(73)] ReadMemory at 0x1f1a44b77e0 of 132 bytes failed: Only part of a ReadProcessMemory or WriteProcessMemory request was completed. (0x12B)
[0328/220033.349:ERROR:process_memory_win.cc(73)] ReadMemory at 0x1f1a44b79f0 of 132 bytes failed: Only part of a ReadProcessMemory or WriteProcessMemory request was completed. (0x12B)
[0328/220033.349:ERROR:process_memory_win.cc(73)] ReadMemory at 0x1f1a44bacf0 of 132 bytes failed: Only part of a ReadProcessMemory or WriteProcessMemory request was completed. (0x12B)
[0328/220033.349:ERROR:process_memory_win.cc(73)] ReadMemory at 0x1f1a44baf60 of 132 bytes failed: Only part of a ReadProcessMemory or WriteProcessMemory request was completed. (0x12B)
[0328/220033.349:ERROR:process_memory_win.cc(73)] ReadMemory at 0x1f1a44bb550 of 132 bytes failed: Only part of a ReadProcessMemory or WriteProcessMemory request was completed. (0x12B)
[0328/220033.349:ERROR:process_memory_win.cc(73)] ReadMemory at 0x1f1a44bb680 of 132 bytes failed: Only part of a ReadProcessMemory or WriteProcessMemory request was completed. (0x12B)
[0328/220033.349:ERROR:process_memory_win.cc(73)] ReadMemory at 0x1f1a44bb7b0 of 132 bytes failed: Only part of a ReadProcessMemory or WriteProcessMemory request was completed. (0x12B)
[0328/220033.349:ERROR:process_memory_win.cc(73)] ReadMemory at 0x1f1a44bba10 of 132 bytes failed: Only part of a ReadProcessMemory or WriteProcessMemory request was completed. (0x12B)
[0328/220033.349:ERROR:process_memory_win.cc(73)] ReadMemory at 0x1f1a44bbc70 of 132 bytes failed: Only part of a ReadProcessMemory or WriteProcessMemory request was completed. (0x12B)
[0328/220033.349:ERROR:process_memory_win.cc(73)] ReadMemory at 0x1f1a44bc000 of 132 bytes failed: Only part of a ReadProcessMemory or WriteProcessMemory request was completed. (0x12B)
[0328/220033.350:ERROR:process_memory_win.cc(73)] ReadMemory at 0x1f1a44bc720 of 132 bytes failed: Only part of a ReadProcessMemory or WriteProcessMemory request was completed. (0x12B)
[0328/220033.350:ERROR:process_memory_win.cc(73)] ReadMemory at 0x1f1a44bcab0 of 132 bytes failed: Only part of a ReadProcessMemory or WriteProcessMemory request was completed. (0x12B)
[0328/220033.350:ERROR:process_memory_win.cc(73)] ReadMemory at 0x1f1a44bcbe0 of 132 bytes failed: Only part of a ReadProcessMemory or WriteProcessMemory request was completed. (0x12B)
[0328/220033.350:ERROR:process_memory_win.cc(73)] ReadMemory at 0x1f1a44bf0c0 of 512 bytes failed: Only part of a ReadProcessMemory or WriteProcessMemory request was completed. (0x12B)
[0328/220033.350:ERROR:process_memory_win.cc(73)] ReadMemory at 0x1f1a44d5500 of 512 bytes failed: Only part of a ReadProcessMemory or WriteProcessMemory request was completed. (0x12B)
[0328/220033.350:ERROR:process_memory_win.cc(73)] ReadMemory at 0x1f1a44d8130 of 512 bytes failed: Only part of a ReadProcessMemory or WriteProcessMemory request was completed. (0x12B)
[0328/220033.350:ERROR:process_memory_win.cc(73)] ReadMemory at 0x1f1a4920e80 of 512 bytes failed: Only part of a ReadProcessMemory or WriteProcessMemory request was completed. (0x12B)
[0328/220033.350:ERROR:process_memory_win.cc(73)] ReadMemory at 0x1f1a49e2aa0 of 512 bytes failed: Only part of a ReadProcessMemory or WriteProcessMemory request was completed. (0x12B)
[0328/220033.350:ERROR:process_memory_win.cc(73)] ReadMemory at 0x1f1a49e4f60 of 896 bytes failed: Only part of a ReadProcessMemory or WriteProcessMemory request was completed. (0x12B)
[0328/220033.351:ERROR:process_memory_win.cc(73)] ReadMemory at 0x1f1a49f12b0 of 712 bytes failed: Only part of a ReadProcessMemory or WriteProcessMemory request was completed. (0x12B)
[0328/220033.351:ERROR:process_memory_win.cc(73)] ReadMemory at 0x1f1a49f2668 of 656 bytes failed: Only part of a ReadProcessMemory or WriteProcessMemory request was completed. (0x12B)
[0328/220033.351:ERROR:process_memory_win.cc(73)] ReadMemory at 0x1f1a49f2938 of 512 bytes failed: Only part of a ReadProcessMemory or WriteProcessMemory request was completed. (0x12B)
[0328/220033.351:ERROR:process_memory_win.cc(73)] ReadMemory at 0x1f1a49f40a0 of 512 bytes failed: Only part of a ReadProcessMemory or WriteProcessMemory request was completed. (0x12B)
[0328/220033.351:ERROR:process_memory_win.cc(73)] ReadMemory at 0x1f1a4a966b0 of 512 bytes failed: Only part of a ReadProcessMemory or WriteProcessMemory request was completed. (0x12B)
[0328/220033.351:ERROR:process_memory_win.cc(73)] ReadMemory at 0x1f1a4a987c0 of 512 bytes failed: Only part of a ReadProcessMemory or WriteProcessMemory request was completed. (0x12B)
[0328/220033.351:ERROR:process_memory_win.cc(73)] ReadMemory at 0x1f1a6860000 of 384 bytes failed: Only part of a ReadProcessMemory or WriteProcessMemory request was completed. (0x12B)
[0328/220033.351:ERROR:process_memory_win.cc(73)] ReadMemory at 0x1f1a69cbb00 of 512 bytes failed: Only part of a ReadProcessMemory or WriteProcessMemory request was completed. (0x12B)
[0328/220033.351:ERROR:process_memory_win.cc(73)] ReadMemory at 0x251a0f3244d0 of 512 bytes failed: Only part of a ReadProcessMemory or WriteProcessMemory request was completed. (0x12B)
[0328/220033.352:ERROR:process_memory_win.cc(73)] ReadMemory at 0x7ffdb681054c of 512 bytes failed: Only part of a ReadProcessMemory or WriteProcessMemory request was completed. (0x12B)
[0328/220033.352:ERROR:process_memory_win.cc(73)] ReadMemory at 0x7ffdb75a3d1b of 512 bytes failed: Only part of a ReadProcessMemory or WriteProcessMemory request was completed. (0x12B)
[0328/220033.352:ERROR:process_memory_win.cc(73)] ReadMemory at 0x7ffdbae4a580 of 512 bytes failed: Only part of a ReadProcessMemory or WriteProcessMemory request was completed. (0x12B)
[0328/220033.352:ERROR:process_memory_win.cc(73)] ReadMemory at 0x7ffdbb676d48 of 512 bytes failed: Only part of a ReadProcessMemory or WriteProcessMemory request was completed. (0x12B)
[0328/220033.352:ERROR:process_memory_win.cc(73)] ReadMemory at 0x7ffe0b48b720 of 512 bytes failed: Only part of a ReadProcessMemory or WriteProcessMemory request was completed. (0x12B)
[0328/220033.352:ERROR:process_memory_win.cc(73)] ReadMemory at 0x7ffe0e1dc0c4 of 672 bytes failed: Only part of a ReadProcessMemory or WriteProcessMemory request was completed. (0x12B)
[0328/220033.352:ERROR:process_memory_win.cc(73)] ReadMemory at 0x7ffe0e1dc6c4 of 512 bytes failed: Only part of a ReadProcessMemory or WriteProcessMemory request was completed. (0x12B)
[0328/220033.352:ERROR:process_memory_win.cc(73)] ReadMemory at 0x7ffe0e1df974 of 608 bytes failed: Only part of a ReadProcessMemory or WriteProcessMemory request was completed. (0x12B)
[0328/220033.352:ERROR:process_memory_win.cc(73)] ReadMemory at 0x7ffe0e26c428 of 18 bytes failed: Only part of a ReadProcessMemory or WriteProcessMemory request was completed. (0x12B)
[0328/220033.353:ERROR:process_memory_win.cc(73)] ReadMemory at 0x7ffe0e29f4f8 of 40 bytes failed: Only part of a ReadProcessMemory or WriteProcessMemory request was completed. (0x12B)
[0328/220033.353:ERROR:process_memory_win.cc(73)] ReadMemory at 0x7ffe0e29f978 of 48 bytes failed: Only part of a ReadProcessMemory or WriteProcessMemory request was completed. (0x12B)
[0328/220033.353:ERROR:process_memory_win.cc(73)] ReadMemory at 0x7ffe0e2a53c0 of 64 bytes failed: Only part of a ReadProcessMemory or WriteProcessMemory request was completed. (0x12B)
[0328/220033.353:ERROR:crash_report_database_win.cc(469)] failed to stat report
[0328/220033.354:ERROR:crash_report_database_win.cc(469)] failed to stat report
[0328/220033.354:ERROR:crash_report_database_win.cc(469)] failed to stat report
[0328/220033.354:ERROR:crash_report_database_win.cc(469)] failed to stat report
[0328/220033.354:ERROR:crash_report_database_win.cc(469)] failed to stat report
[0328/220033.354:ERROR:crash_report_database_win.cc(469)] failed to stat report
[0328/220033.354:ERROR:crash_report_database_win.cc(469)] failed to stat report
[0328/220033.354:ERROR:crash_report_database_win.cc(469)] failed to stat report
[0328/220033.354:ERROR:crash_report_database_win.cc(469)] failed to stat report
[0328/220033.355:ERROR:crash_report_database_win.cc(469)] failed to stat report
[0328/220033.355:ERROR:crash_report_database_win.cc(469)] failed to stat report
[0328/220033.355:ERROR:crash_report_database_win.cc(469)] failed to stat report
[0328/220033.356:ERROR:crash_report_database_win.cc(469)] failed to stat report
[0328/220033.356:ERROR:crash_report_database_win.cc(469)] failed to stat report
[0328/220033.356:ERROR:crash_report_database_win.cc(469)] failed to stat report
[0328/220033.356:ERROR:crash_report_database_win.cc(469)] failed to stat report
[0328/220033.356:ERROR:crash_report_database_win.cc(469)] failed to stat report
[0328/220033.356:ERROR:crash_report_database_win.cc(469)] failed to stat report
[0328/220033.357:ERROR:crash_report_database_win.cc(469)] failed to stat report
[0328/220033.357:ERROR:crash_report_database_win.cc(469)] failed to stat report
[0328/220033.357:ERROR:crash_report_database_win.cc(469)] failed to stat report
[0328/220033.357:ERROR:crash_report_database_win.cc(469)] failed to stat report
[0328/220033.357:ERROR:crash_report_database_win.cc(469)] failed to stat report
[0328/220033.357:ERROR:crash_report_database_win.cc(469)] failed to stat report
[0328/220033.357:ERROR:crash_report_database_win.cc(469)] failed to stat report
[0328/220033.357:ERROR:crash_report_database_win.cc(469)] failed to stat report
[0328/220033.357:ERROR:crash_report_database_win.cc(469)] failed to stat report
[0328/220033.359:ERROR:crash_report_database_win.cc(469)] failed to stat report
[0328/220033.359:ERROR:crash_report_database_win.cc(469)] failed to stat report
[0328/220033.359:ERROR:crash_report_database_win.cc(469)] failed to stat report
[0328/220033.359:ERROR:crash_report_database_win.cc(469)] failed to stat report
[0328/220033.359:ERROR:crash_report_database_win.cc(469)] failed to stat report
[0328/220033.359:ERROR:crash_report_database_win.cc(469)] failed to stat report
[0328/220033.359:ERROR:crash_report_database_win.cc(469)] failed to stat report
[0328/220033.359:ERROR:crash_report_database_win.cc(469)] failed to stat report
[0328/220033.359:ERROR:crash_report_database_win.cc(469)] failed to stat report
[0328/220033.355:ERROR:scoped_process_suspend.cc(40)] NtResumeProcess: An attempt was made to access an exiting process. (0xc000010a)
